::1 Wed, 03 Jul 2024 06:15:45 GMT - POST /api/login 392.401
::1 Wed, 03 Jul 2024 06:16:29 GMT - GET /api/dashboard 13.817
::1 Wed, 03 Jul 2024 06:17:21 GMT - GET /api/dashboard 150.370
::1 Wed, 03 Jul 2024 06:31:06 GMT - POST /api/signup 438.094
::1 Wed, 03 Jul 2024 06:31:39 GMT - POST /api/login 376.334
::1 Wed, 03 Jul 2024 06:32:03 GMT - GET /api/dashboard 65.563
::1 Wed, 03 Jul 2024 06:33:14 GMT - GET /api/dashboard 47.906


::1 Wed, 03 Jul 2024 06:34:18 GMT - GET /api/dashboard 3.122
::1 Wed, 03 Jul 2024 06:35:37 GMT - GET /api/dashboard 3.070
::1 Wed, 03 Jul 2024 06:49:48 GMT - GET /api/dashboard 14.810
::1 Wed, 03 Jul 2024 06:50:03 GMT - GET /api/dashboard 8.640
::1 Wed, 03 Jul 2024 06:50:23 GMT - GET /api/dashboard 2.738
::1 Wed, 03 Jul 2024 06:50:29 GMT - GET /api/dashboard 2.733
::1 Wed, 03 Jul 2024 06:50:35 GMT - GET /api/dashboard 26.880
::1 Wed, 03 Jul 2024 06:50:42 GMT - POST /api/dashboard 380.656
::1 Wed, 03 Jul 2024 06:50:47 GMT - POST /api/dashboard 311.748
::1 Wed, 03 Jul 2024 06:50:51 GMT - POST /api/dashboard 178.668
::1 Wed, 03 Jul 2024 06:50:58 GMT - GET /api/dashboard 4.282
::1 Wed, 03 Jul 2024 06:51:27 GMT - GET /api/dashboard 2.915
::1 Wed, 03 Jul 2024 06:51:36 GMT - GET /api/dashboard 6.548
::1 Wed, 03 Jul 2024 06:51:46 GMT - POST /api/dashboard 65.596
::1 Wed, 03 Jul 2024 06:52:25 GMT - GET /api/dashboard 3.289
::1 Wed, 03 Jul 2024 06:56:41 GMT - GET /api/dashboard 94.506
::1 Wed, 03 Jul 2024 06:56:50 GMT - GET /api/dashboard 3.977
::1 Wed, 03 Jul 2024 06:57:32 GMT - GET /api/dashboard 14.121
::1 Wed, 03 Jul 2024 06:57:43 GMT - GET /api/dashboard 3.707
::1 Wed, 03 Jul 2024 06:58:39 GMT - GET /api/dashboard 13.012
::1 Wed, 03 Jul 2024 06:59:08 GMT - GET /api/dashboard 18.908
::1 Wed, 03 Jul 2024 07:23:49 GMT - GET /api/dashboard 252.524
::1 Wed, 03 Jul 2024 07:24:12 GMT - GET /api/dashboard 3.958
::1 Wed, 03 Jul 2024 07:44:28 GMT - POST /api/login 383.842
::1 Wed, 03 Jul 2024 07:44:47 GMT - GET /api/dashboard 12.901
::1 Wed, 03 Jul 2024 07:46:25 GMT - GET /api/dashboard 19.496
::1 Wed, 03 Jul 2024 07:58:01 GMT - POST /api/login 666.016
::1 Wed, 03 Jul 2024 07:58:51 GMT - GET /api/dashboard 1049.794
::1 Wed, 03 Jul 2024 08:02:32 GMT - GET /api/dashboard 18.231
::1 Wed, 03 Jul 2024 08:37:02 GMT - GET /api/dashboard 6.340
::1 Wed, 03 Jul 2024 08:51:35 GMT - OPTIONS /api/event-list 4.884
::1 Wed, 03 Jul 2024 08:51:35 GMT - GET /api/event-list 176.696
::1 Wed, 03 Jul 2024 09:04:10 GMT - OPTIONS /api/event-list 0.504
::1 Wed, 03 Jul 2024 09:04:10 GMT - GET /api/event-list 70.819
::1 Wed, 03 Jul 2024 09:15:27 GMT - OPTIONS /api/event-list 0.434
::1 Wed, 03 Jul 2024 09:15:27 GMT - GET /api/event-list 3.563
::1 Wed, 03 Jul 2024 09:15:44 GMT - OPTIONS /api/event-list 0.900
::1 Wed, 03 Jul 2024 09:15:44 GMT - GET /api/event-list 5.407
::1 Wed, 03 Jul 2024 09:16:28 GMT - OPTIONS /api/event-list 0.332
::1 Wed, 03 Jul 2024 09:16:28 GMT - GET /api/event-list 2.546
::1 Wed, 03 Jul 2024 09:17:03 GMT - OPTIONS /api/event-list 0.650
::1 Wed, 03 Jul 2024 09:17:04 GMT - GET /api/event-list 3.611
::1 Wed, 03 Jul 2024 09:18:06 GMT - OPTIONS /api/event-list 0.862
::1 Wed, 03 Jul 2024 09:18:06 GMT - GET /api/event-list 133.926
::1 Wed, 03 Jul 2024 09:18:58 GMT - OPTIONS /api/event-list 0.740
::1 Wed, 03 Jul 2024 09:18:58 GMT - GET /api/event-list 3.465
::1 Wed, 03 Jul 2024 09:19:09 GMT - OPTIONS /api/event-list 0.319
::1 Wed, 03 Jul 2024 09:19:09 GMT - GET /api/event-list 5.531
::1 Wed, 03 Jul 2024 09:19:27 GMT - OPTIONS /api/event-list 0.948
::1 Wed, 03 Jul 2024 09:19:27 GMT - GET /api/event-list 60.883
::1 Wed, 03 Jul 2024 09:22:48 GMT - OPTIONS /api/event-list 0.705
::1 Wed, 03 Jul 2024 09:22:48 GMT - GET /api/event-list 156.172
::1 Wed, 03 Jul 2024 12:03:53 GMT - POST /api/login 455.064
::1 Wed, 03 Jul 2024 12:04:23 GMT - POST /api/login 371.894
::1 Wed, 03 Jul 2024 12:04:36 GMT - POST /api/login 483.377
::1 Wed, 03 Jul 2024 12:05:43 GMT - POST /api/login 380.711
::1 Wed, 03 Jul 2024 12:06:55 GMT - GET /api/dashboard 14.507
::1 Wed, 03 Jul 2024 12:08:05 GMT - GET /api/dashboard 14.786
::1 Wed, 03 Jul 2024 12:08:43 GMT - GET /api/dashboard 17.953
::1 Wed, 03 Jul 2024 12:09:08 GMT - GET /api/dashboard 17.578
::1 Wed, 03 Jul 2024 12:09:32 GMT - GET /api/dashboard 16.950
::1 Wed, 03 Jul 2024 12:10:14 GMT - GET /api/dashboard 6.476
::1 Wed, 03 Jul 2024 12:11:04 GMT - GET /api/dashboard 4.844
::1 Wed, 03 Jul 2024 12:11:16 GMT - GET /api/dashboard 5.581
::1 Wed, 03 Jul 2024 12:11:51 GMT - GET /api/dashboard 36.594
::1 Wed, 03 Jul 2024 12:15:00 GMT - OPTIONS /api/login 0.773
::1 Wed, 03 Jul 2024 12:15:00 GMT - POST /api/login 423.603
::1 Wed, 03 Jul 2024 12:15:00 GMT - OPTIONS /api/event-list 1.121
::1 Wed, 03 Jul 2024 12:15:01 GMT - GET /api/event-list 70.779
::1 Wed, 03 Jul 2024 12:17:43 GMT - OPTIONS /api/login 0.500
::1 Wed, 03 Jul 2024 12:17:43 GMT - POST /api/login 412.346
::1 Wed, 03 Jul 2024 12:17:48 GMT - OPTIONS /api/login 0.242
::1 Wed, 03 Jul 2024 12:17:48 GMT - POST /api/login 401.558
::1 Wed, 03 Jul 2024 12:17:48 GMT - OPTIONS /api/event-list 0.855
::1 Wed, 03 Jul 2024 12:17:48 GMT - GET /api/event-list 92.896
::1 Wed, 03 Jul 2024 12:20:06 GMT - GET /api/event-list?content-type=application/json&Authorization=Bearer%20eyJhbGciOiJIUzI1NiIsInR5cCI6IkpXVCJ9.eyJzdWIiOiI2NjgzYWZmODBmOWJjZTczZTY5ZTA5M2IiLCJpYXQiOjE3MTk5ODYzOTEsImV4cCI6MTcxOTk4OTk5MX0.59uTh2d-TYJnWqWXPj4BH-684QshtqT9k2S_3_okkQ4 12.862
::1 Wed, 03 Jul 2024 12:24:38 GMT - GET /api/event-list?Accept=application/json&Authorization=Bearer%20eyJhbGciOiJIUzI1NiIsInR5cCI6IkpXVCJ9.eyJzdWIiOiI2NjgzYWZmODBmOWJjZTczZTY5ZTA5M2IiLCJpYXQiOjE3MTk5ODYzOTEsImV4cCI6MTcxOTk4OTk5MX0.59uTh2d-TYJnWqWXPj4BH-684QshtqT9k2S_3_okkQ4&Content-Type=application/json 5.398
::1 Wed, 03 Jul 2024 12:24:47 GMT - GET /api/event-list?Accept=application/json&Authorization=eyJhbGciOiJIUzI1NiIsInR5cCI6IkpXVCJ9.eyJzdWIiOiI2NjgzYWZmODBmOWJjZTczZTY5ZTA5M2IiLCJpYXQiOjE3MTk5ODYzOTEsImV4cCI6MTcxOTk4OTk5MX0.59uTh2d-TYJnWqWXPj4BH-684QshtqT9k2S_3_okkQ4&Content-Type=application/json 24.094
::1 Wed, 03 Jul 2024 12:24:55 GMT - GET /api/event-list?Accept=application/json&Authorization=eyJhbGciOiJIUzI1NiIsInR5cCI6IkpXVCJ9.eyJzdWIiOiI2NjgzYWZmODBmOWJjZTczZTY5ZTA5M2IiLCJpYXQiOjE3MTk5ODYzOTEsImV4cCI6MTcxOTk4OTk5MX0.59uTh2d-TYJnWqWXPj4BH-684QshtqT9k2S_3_okkQ4 4.547
::1 Wed, 03 Jul 2024 12:26:29 GMT - GET /api/event-list?Accept=application/json&Content-Type=application/json;%20charset=utf-8 3.541
::1 Wed, 03 Jul 2024 12:26:39 GMT - GET /api/event-list?Accept=application/json&Content-Type=application/json;%20charset=utf-8 59.952
::1 Wed, 03 Jul 2024 12:26:45 GMT - GET /api/event-list?Accept=application/json 111.143
::1 Wed, 03 Jul 2024 12:26:55 GMT - GET /api/event-list?Accept=application/json&Authorization=eyJhbGciOiJIUzI1NiIsInR5cCI6IkpXVCJ9.eyJzdWIiOiI2NjgzYWZmODBmOWJjZTczZTY5ZTA5M2IiLCJpYXQiOjE3MjAwMDkwNjgsImV4cCI6MTcyMDAxMjY2OH0.sB7DiVKfzNtFIuyR-JFku2HWHsICwGo2oGgPrJtGYd8 1301.542
::1 Wed, 03 Jul 2024 12:27:01 GMT - GET /api/event-list?Accept=application/json&Content-Type=application/json;%20charset=utf-8&Authorization=eyJhbGciOiJIUzI1NiIsInR5cCI6IkpXVCJ9.eyJzdWIiOiI2NjgzYWZmODBmOWJjZTczZTY5ZTA5M2IiLCJpYXQiOjE3MjAwMDkwNjgsImV4cCI6MTcyMDAxMjY2OH0.sB7DiVKfzNtFIuyR-JFku2HWHsICwGo2oGgPrJtGYd8 5.198
::1 Wed, 03 Jul 2024 12:27:14 GMT - GET /api/event-list?Accept=application/json&Content-Type=application/json&Authorization=eyJhbGciOiJIUzI1NiIsInR5cCI6IkpXVCJ9.eyJzdWIiOiI2NjgzYWZmODBmOWJjZTczZTY5ZTA5M2IiLCJpYXQiOjE3MjAwMDkwNjgsImV4cCI6MTcyMDAxMjY2OH0.sB7DiVKfzNtFIuyR-JFku2HWHsICwGo2oGgPrJtGYd8 7.113
::1 Wed, 03 Jul 2024 12:27:19 GMT - GET /api/event-list?Content-Type=application/json&Authorization=eyJhbGciOiJIUzI1NiIsInR5cCI6IkpXVCJ9.eyJzdWIiOiI2NjgzYWZmODBmOWJjZTczZTY5ZTA5M2IiLCJpYXQiOjE3MjAwMDkwNjgsImV4cCI6MTcyMDAxMjY2OH0.sB7DiVKfzNtFIuyR-JFku2HWHsICwGo2oGgPrJtGYd8 26.580
::1 Wed, 03 Jul 2024 12:27:31 GMT - GET /api/event-list?Content-Type=application/json&Authorization=Bearer%20eyJhbGciOiJIUzI1NiIsInR5cCI6IkpXVCJ9.eyJzdWIiOiI2NjgzYWZmODBmOWJjZTczZTY5ZTA5M2IiLCJpYXQiOjE3MjAwMDkwNjgsImV4cCI6MTcyMDAxMjY2OH0.sB7DiVKfzNtFIuyR-JFku2HWHsICwGo2oGgPrJtGYd8 5.134
::1 Wed, 03 Jul 2024 12:27:37 GMT - GET /api/event-list?Accept=application/json&Content-Type=application/json&Authorization=Bearer%20eyJhbGciOiJIUzI1NiIsInR5cCI6IkpXVCJ9.eyJzdWIiOiI2NjgzYWZmODBmOWJjZTczZTY5ZTA5M2IiLCJpYXQiOjE3MjAwMDkwNjgsImV4cCI6MTcyMDAxMjY2OH0.sB7DiVKfzNtFIuyR-JFku2HWHsICwGo2oGgPrJtGYd8 799.587
::1 Wed, 03 Jul 2024 12:27:52 GMT - GET /api/event-list?Accept=application/json&Content-Type=application/json&Authorization=Bearer%20%22eyJhbGciOiJIUzI1NiIsInR5cCI6IkpXVCJ9.eyJzdWIiOiI2NjgzYWZmODBmOWJjZTczZTY5ZTA5M2IiLCJpYXQiOjE3MjAwMDkwNjgsImV4cCI6MTcyMDAxMjY2OH0.sB7DiVKfzNtFIuyR-JFku2HWHsICwGo2oGgPrJtGYd8%22 3.622
::1 Wed, 03 Jul 2024 12:28:04 GMT - GET /api/event-list?Accept=application/json&Content-Type=application/json&Authorization=Bearer%20eyJhbGciOiJIUzI1NiIsInR5cCI6IkpXVCJ9.eyJzdWIiOiI2NjgzYWZmODBmOWJjZTczZTY5ZTA5M2IiLCJpYXQiOjE3MjAwMDkwNjgsImV4cCI6MTcyMDAxMjY2OH0.sB7DiVKfzNtFIuyR-JFku2HWHsICwGo2oGgPrJtGYd8 3.062
::1 Wed, 03 Jul 2024 12:28:23 GMT - GET /api/events-by-user/Emp-2213 33.466
::1 Wed, 03 Jul 2024 12:28:59 GMT - GET /api/events-by-user/Emp-2213 5.393
::1 Wed, 03 Jul 2024 12:29:29 GMT - GET /api/events-by-user/Emp-2213 267.143
::1 Wed, 03 Jul 2024 12:30:02 GMT - GET /api/events-by-user/Emp-2213 4.937
::1 Wed, 03 Jul 2024 12:30:31 GMT - GET /api/events-by-user/Emp-2213 79.771
::1 Wed, 03 Jul 2024 12:30:39 GMT - GET /api/events-by-user/Emp-2213 4.316
::1 Wed, 03 Jul 2024 12:30:48 GMT - GET /api/events-by-user/Emp-2213 57.642
::1 Wed, 03 Jul 2024 12:30:59 GMT - GET /api/events-by-user/Emp-2213 2.561
::1 Wed, 03 Jul 2024 12:31:25 GMT - GET /api/events-by-user/Emp-2213 54.823
::1 Wed, 03 Jul 2024 12:31:32 GMT - GET /api/events-by-user/Emp-2213 58.967
::1 Wed, 03 Jul 2024 12:31:41 GMT - GET /api/events-by-user/Emp-2213 3.056
::1 Wed, 03 Jul 2024 12:31:55 GMT - GET /api/events-by-user/Emp-2213 243.158
::1 Wed, 03 Jul 2024 12:32:08 GMT - GET /api/events-by-user/Emp-2213 54.291
::1 Wed, 03 Jul 2024 12:32:29 GMT - GET /api/events-by-user/Emp-2213 51.430
::1 Wed, 03 Jul 2024 12:32:34 GMT - GET /api/events-by-user/Emp-2213 51.766
::1 Wed, 03 Jul 2024 12:32:42 GMT - GET /api/events-by-user/Emp-2213 4.470
::1 Wed, 03 Jul 2024 12:32:48 GMT - GET /api/events-by-user/Emp-2213 3.970
::1 Wed, 03 Jul 2024 12:33:09 GMT - GET /api/events-by-user/Emp-2213 49.870
::1 Wed, 03 Jul 2024 12:33:19 GMT - GET /api/events-by-user/Emp-2213 395.544
::1 Wed, 03 Jul 2024 12:33:27 GMT - GET /api/events-by-user/Emp-2213 55.431
::1 Wed, 03 Jul 2024 12:33:57 GMT - GET /api/events-by-user/Emp-2213 51.773
::1 Wed, 03 Jul 2024 12:34:23 GMT - GET /api/events-by-user/Emp-2213 55.827
::1 Wed, 03 Jul 2024 12:34:33 GMT - GET /api/event-list?Content-Type=application/json&Authorization=Bearer%20eyJhbGciOiJIUzI1NiIsInR5cCI6IkpXVCJ9.eyJzdWIiOiI2NjgzYWZmODBmOWJjZTczZTY5ZTA5M2IiLCJpYXQiOjE3MjAwMDkwNjgsImV4cCI6MTcyMDAxMjY2OH0.sB7DiVKfzNtFIuyR-JFku2HWHsICwGo2oGgPrJtGYd8 3.650
::1 Wed, 03 Jul 2024 12:34:41 GMT - OPTIONS /api/event-list 0.457
::1 Wed, 03 Jul 2024 12:34:41 GMT - GET /api/event-list 119.046
::1 Wed, 03 Jul 2024 12:36:07 GMT - GET /api/dashboard 2.602
::1 Wed, 03 Jul 2024 12:36:19 GMT - GET /api/dashboard 26.670
::1 Wed, 03 Jul 2024 13:36:16 GMT - POST /api/events 1358.567
::1 Wed, 03 Jul 2024 13:36:31 GMT - GET /api/dashboard 445.916
::1 Wed, 03 Jul 2024 13:39:48 GMT - POST /api/login 1315.797
::1 Wed, 03 Jul 2024 13:41:53 GMT - POST /api/login 376.646
::1 Wed, 03 Jul 2024 13:45:15 GMT - GET /api/dashboard 119.465
::1 Wed, 03 Jul 2024 13:51:26 GMT - POST /api/login 498.199
::1 Wed, 03 Jul 2024 13:51:34 GMT - POST /api/login 519.171
::1 Wed, 03 Jul 2024 13:51:43 GMT - POST /api/login 493.977
::1 Wed, 03 Jul 2024 13:52:09 GMT - GET /api/dashboard 30.474
::1 Wed, 03 Jul 2024 13:52:11 GMT - GET /api/dashboard 35.533
::1 Wed, 03 Jul 2024 13:52:14 GMT - GET /api/dashboard 31.487
::1 Wed, 03 Jul 2024 13:53:14 GMT - POST /api/events 126.916
::1 Wed, 03 Jul 2024 13:54:12 GMT - POST /api/events 3.921
::1 Wed, 03 Jul 2024 13:54:36 GMT - POST /api/events -
::1 Wed, 03 Jul 2024 13:54:56 GMT - POST /api/events -
::1 Wed, 03 Jul 2024 13:59:45 GMT - POST /api/events -
::1 Wed, 03 Jul 2024 14:01:03 GMT - POST /api/events -
::1 Wed, 03 Jul 2024 14:01:41 GMT - POST /api/events -
::1 Wed, 03 Jul 2024 14:02:24 GMT - GET /api/event-list?Content-Type=application/json&Authorization=Bearer%20eyJhbGciOiJIUzI1NiIsInR5cCI6IkpXVCJ9.eyJzdWIiOiI2NjgzYWZmODBmOWJjZTczZTY5ZTA5M2IiLCJpYXQiOjE3MjAwMDkwNjgsImV4cCI6MTcyMDAxMjY2OH0.sB7DiVKfzNtFIuyR-JFku2HWHsICwGo2oGgPrJtGYd8 5.340
::1 Wed, 03 Jul 2024 14:02:37 GMT - GET /api/event-list?Accept=application/json&Content-Type=application/json&Authorization=Bearer%20eyJhbGciOiJIUzI1NiIsInR5cCI6IkpXVCJ9.eyJzdWIiOiI2NjgzYWZmODBmOWJjZTczZTY5ZTA5M2IiLCJpYXQiOjE3MjAwMDkwNjgsImV4cCI6MTcyMDAxMjY2OH0.sB7DiVKfzNtFIuyR-JFku2HWHsICwGo2oGgPrJtGYd8 3.092
::1 Wed, 03 Jul 2024 14:02:44 GMT - GET /api/event-list?Authorization=Bearer%20eyJhbGciOiJIUzI1NiIsInR5cCI6IkpXVCJ9.eyJzdWIiOiI2NjgzYWZmODBmOWJjZTczZTY5ZTA5M2IiLCJpYXQiOjE3MjAwMDkwNjgsImV4cCI6MTcyMDAxMjY2OH0.sB7DiVKfzNtFIuyR-JFku2HWHsICwGo2oGgPrJtGYd8 3.883
::1 Wed, 03 Jul 2024 14:02:49 GMT - GET /api/event-list?Content-Type=application/json&Authorization=Bearer%20eyJhbGciOiJIUzI1NiIsInR5cCI6IkpXVCJ9.eyJzdWIiOiI2NjgzYWZmODBmOWJjZTczZTY5ZTA5M2IiLCJpYXQiOjE3MjAwMDkwNjgsImV4cCI6MTcyMDAxMjY2OH0.sB7DiVKfzNtFIuyR-JFku2HWHsICwGo2oGgPrJtGYd8 3.975
::1 Wed, 03 Jul 2024 14:03:35 GMT - GET /api/event-list?Content-Type=application/json&Authorization=Bearer%20eyJhbGciOiJIUzI1NiIsInR5cCI6IkpXVCJ9.eyJzdWIiOiI2NjgzYWZmODBmOWJjZTczZTY5ZTA5M2IiLCJpYXQiOjE3MjAwMDkwNjgsImV4cCI6MTcyMDAxMjY2OH0.sB7DiVKfzNtFIuyR-JFku2HWHsICwGo2oGgPrJtGYd8 24.962
::1 Wed, 03 Jul 2024 14:04:27 GMT - OPTIONS /api/event-list 2.869
::1 Wed, 03 Jul 2024 14:04:28 GMT - GET /api/event-list 39.467
::1 Wed, 03 Jul 2024 14:04:59 GMT - OPTIONS /api/login 0.636
::1 Wed, 03 Jul 2024 14:04:59 GMT - POST /api/login 444.373
::1 Wed, 03 Jul 2024 14:04:59 GMT - OPTIONS /api/event-list 0.498
::1 Wed, 03 Jul 2024 14:04:59 GMT - GET /api/event-list 72.932
::1 Wed, 03 Jul 2024 14:08:53 GMT - OPTIONS /api/event-list 0.787
::1 Wed, 03 Jul 2024 14:08:53 GMT - GET /api/event-list 65.509
::1 Wed, 03 Jul 2024 14:20:31 GMT - OPTIONS /api/event-list 4.924
::1 Wed, 03 Jul 2024 14:20:31 GMT - GET /api/event-list 451.536
::1 Wed, 03 Jul 2024 15:59:51 GMT - OPTIONS /api/event-list 3.738
::1 Wed, 03 Jul 2024 15:59:51 GMT - GET /api/event-list 528.581
::1 Wed, 03 Jul 2024 16:00:52 GMT - OPTIONS /api/login 0.402
::1 Wed, 03 Jul 2024 16:00:53 GMT - POST /api/login 734.781
::1 Wed, 03 Jul 2024 16:00:53 GMT - OPTIONS /api/event-list 0.873
::1 Wed, 03 Jul 2024 16:00:54 GMT - GET /api/event-list 199.462
::1 Wed, 03 Jul 2024 16:05:05 GMT - OPTIONS /api/login 2.093
::1 Wed, 03 Jul 2024 16:05:06 GMT - POST /api/login 359.148
::1 Wed, 03 Jul 2024 16:05:06 GMT - OPTIONS /api/event-list 1.600
::1 Wed, 03 Jul 2024 16:05:06 GMT - GET /api/event-list 81.514
::1 Wed, 03 Jul 2024 16:10:00 GMT - OPTIONS /api/event-list 6.511
::1 Wed, 03 Jul 2024 16:10:00 GMT - GET /api/event-list 333.413
::1 Wed, 03 Jul 2024 16:13:44 GMT - OPTIONS /api/event-list 8.974
::1 Wed, 03 Jul 2024 16:13:45 GMT - GET /api/event-list 1047.740
::1 Wed, 03 Jul 2024 16:18:10 GMT - OPTIONS /api/event-list 4.358
::1 Wed, 03 Jul 2024 16:18:10 GMT - GET /api/event-list 96.827
::1 Wed, 03 Jul 2024 16:18:39 GMT - OPTIONS /api/event-list 4.705
::1 Wed, 03 Jul 2024 16:18:41 GMT - GET /api/event-list 2056.779
::1 Wed, 03 Jul 2024 16:19:36 GMT - OPTIONS /api/event-list 3.780
::1 Wed, 03 Jul 2024 16:19:40 GMT - GET /api/event-list 3903.524
::1 Wed, 03 Jul 2024 16:26:11 GMT - OPTIONS /api/event-list 4.807
::1 Wed, 03 Jul 2024 16:26:12 GMT - GET /api/event-list 92.319
::1 Wed, 03 Jul 2024 16:26:15 GMT - GET /api/event-list 72.467
::1 Wed, 03 Jul 2024 16:28:04 GMT - OPTIONS /api/event-list 6.492
::1 Wed, 03 Jul 2024 16:28:05 GMT - GET /api/event-list 141.467
::1 Wed, 03 Jul 2024 16:29:16 GMT - OPTIONS /api/event-list 5.622
::1 Wed, 03 Jul 2024 16:29:16 GMT - GET /api/event-list 102.506
::1 Wed, 03 Jul 2024 16:34:29 GMT - OPTIONS /api/event-list 5.498
::1 Wed, 03 Jul 2024 16:34:29 GMT - GET /api/event-list 101.819
::1 Wed, 03 Jul 2024 16:35:24 GMT - OPTIONS /api/event-list 4.248
::1 Wed, 03 Jul 2024 16:35:25 GMT - GET /api/event-list -
::ffff:127.0.0.1 Wed, 03 Jul 2024 16:35:28 GMT - GET /api/event-list -
::1 Wed, 03 Jul 2024 16:35:29 GMT - OPTIONS /api/event-list 1.113
::1 Wed, 03 Jul 2024 16:35:29 GMT - GET /api/event-list 694.366
::ffff:127.0.0.1 Wed, 03 Jul 2024 16:51:41 GMT - OPTIONS /api/event-list 5.331
::ffff:127.0.0.1 Wed, 03 Jul 2024 16:51:42 GMT - GET /api/event-list 272.845
::1 Wed, 03 Jul 2024 16:53:02 GMT - OPTIONS /api/event-list 13.284
::1 Wed, 03 Jul 2024 16:53:03 GMT - GET /api/event-list 702.234
::ffff:127.0.0.1 Wed, 03 Jul 2024 16:53:09 GMT - OPTIONS /api/event-list 1.025
::ffff:127.0.0.1 Wed, 03 Jul 2024 16:53:09 GMT - GET /api/event-list 69.869
::1 Wed, 03 Jul 2024 16:53:45 GMT - OPTIONS /api/event-list 4.578
::1 Wed, 03 Jul 2024 16:53:45 GMT - GET /api/event-list 383.324
::1 Wed, 03 Jul 2024 16:53:46 GMT - GET /api/event-list 323.262
::ffff:127.0.0.1 Wed, 03 Jul 2024 16:54:05 GMT - OPTIONS /api/event-list 3.929
::ffff:127.0.0.1 Wed, 03 Jul 2024 16:54:06 GMT - GET /api/event-list 613.080
::1 Wed, 03 Jul 2024 16:59:14 GMT - OPTIONS /api/event-list 5.029
::1 Wed, 03 Jul 2024 16:59:15 GMT - GET /api/event-list 1032.045
::1 Wed, 03 Jul 2024 16:59:21 GMT - OPTIONS /api/event-list 0.986
::1 Wed, 03 Jul 2024 16:59:22 GMT - GET /api/event-list 103.734
::1 Wed, 03 Jul 2024 16:59:52 GMT - OPTIONS /api/event-list 5.651
::1 Wed, 03 Jul 2024 16:59:52 GMT - GET /api/event-list 96.604
::1 Wed, 03 Jul 2024 17:10:46 GMT - OPTIONS /api/login 3.119
::1 Wed, 03 Jul 2024 17:10:47 GMT - POST /api/login 444.189
::1 Wed, 03 Jul 2024 17:10:56 GMT - OPTIONS /api/login 0.580
::1 Wed, 03 Jul 2024 17:10:56 GMT - POST /api/login 386.912
::1 Wed, 03 Jul 2024 17:10:56 GMT - OPTIONS /api/event-list 2.165
::1 Wed, 03 Jul 2024 17:10:56 GMT - GET /api/event-list 77.137
::1 Wed, 03 Jul 2024 17:11:47 GMT - OPTIONS /api/event-list 0.666
::1 Wed, 03 Jul 2024 17:11:47 GMT - GET /api/event-list 101.735
::1 Wed, 03 Jul 2024 17:13:12 GMT - OPTIONS /api/event-list 0.736
::1 Wed, 03 Jul 2024 17:13:12 GMT - GET /api/event-list 434.876
::ffff:127.0.0.1 Wed, 03 Jul 2024 17:14:44 GMT - OPTIONS /api/event-list 4.597
::ffff:127.0.0.1 Wed, 03 Jul 2024 17:14:45 GMT - GET /api/event-list 1339.486
::ffff:127.0.0.1 Wed, 03 Jul 2024 17:17:06 GMT - OPTIONS /api/event-list 3.191
::ffff:127.0.0.1 Wed, 03 Jul 2024 17:17:07 GMT - GET /api/event-list 1583.865
::1 Wed, 03 Jul 2024 17:20:05 GMT - OPTIONS /api/event-list 3.559
::1 Wed, 03 Jul 2024 17:20:05 GMT - GET /api/event-list 125.824
::1 Wed, 03 Jul 2024 18:10:38 GMT - OPTIONS /api/authorization/login 3802.418
::1 Wed, 03 Jul 2024 18:12:55 GMT - OPTIONS /api/login 283.493
::1 Wed, 03 Jul 2024 18:13:00 GMT - POST /api/login 1263.799
::1 Wed, 03 Jul 2024 18:16:02 GMT - OPTIONS /api/login 0.479
::1 Wed, 03 Jul 2024 18:16:07 GMT - POST /api/login 5063.160
::1 Wed, 03 Jul 2024 18:18:22 GMT - OPTIONS /api/protected/getdata 121.617
::1 Wed, 03 Jul 2024 18:19:34 GMT - OPTIONS /api/login 0.685
::1 Wed, 03 Jul 2024 18:19:35 GMT - POST /api/login 631.450
::1 Wed, 03 Jul 2024 18:21:37 GMT - OPTIONS /api/login 0.565
::1 Wed, 03 Jul 2024 18:21:37 GMT - POST /api/login 456.914
::1 Wed, 03 Jul 2024 18:46:44 GMT - OPTIONS /api/signup 1.305
::1 Wed, 03 Jul 2024 18:46:50 GMT - POST /api/signup 6123.488
::1 Wed, 03 Jul 2024 18:47:57 GMT - OPTIONS /api/signup 0.362
::1 Wed, 03 Jul 2024 18:47:57 GMT - POST /api/signup 105.339
::1 Wed, 03 Jul 2024 18:53:33 GMT - OPTIONS /api/signup 0.397
::1 Wed, 03 Jul 2024 18:53:36 GMT - POST /api/signup 3107.947
::1 Wed, 03 Jul 2024 18:54:01 GMT - OPTIONS /api/login 0.262
::1 Wed, 03 Jul 2024 18:54:01 GMT - POST /api/login 448.340
::1 Wed, 03 Jul 2024 18:56:09 GMT - OPTIONS /api/login 0.416
::1 Wed, 03 Jul 2024 18:56:09 GMT - POST /api/login 94.438
::1 Wed, 03 Jul 2024 18:56:30 GMT - OPTIONS /api/login 0.423
::1 Wed, 03 Jul 2024 18:56:31 GMT - POST /api/login 447.264
::1 Wed, 03 Jul 2024 18:56:47 GMT - OPTIONS /api/login 0.242
::1 Wed, 03 Jul 2024 18:56:48 GMT - POST /api/login 527.303
::1 Wed, 03 Jul 2024 18:56:53 GMT - OPTIONS /api/login 0.252
::1 Wed, 03 Jul 2024 18:56:53 GMT - POST /api/login 700.413
::1 Wed, 03 Jul 2024 18:57:14 GMT - OPTIONS /api/protected/getdata 6.992
::1 Wed, 03 Jul 2024 18:57:18 GMT - OPTIONS /api/protected/getdata 2.655
::1 Wed, 03 Jul 2024 20:48:06 GMT - OPTIONS /api/login 3.015
::1 Wed, 03 Jul 2024 20:48:11 GMT - POST /api/login 696.969
::1 Wed, 03 Jul 2024 20:49:25 GMT - OPTIONS /api/signup 0.593
::1 Wed, 03 Jul 2024 20:49:25 GMT - POST /api/signup 441.603
::1 Wed, 03 Jul 2024 20:49:50 GMT - OPTIONS /api/login 0.642
::1 Wed, 03 Jul 2024 20:49:51 GMT - POST /api/login 424.618
::1 Wed, 03 Jul 2024 20:51:17 GMT - OPTIONS /api/login 0.575
::1 Wed, 03 Jul 2024 20:51:17 GMT - POST /api/login 339.577
::1 Wed, 03 Jul 2024 20:51:24 GMT - OPTIONS /api/login 0.261
::1 Wed, 03 Jul 2024 20:51:24 GMT - POST /api/login 330.905
::1 Thu, 04 Jul 2024 11:42:02 GMT - OPTIONS /api/login 6.949
::1 Thu, 04 Jul 2024 11:42:04 GMT - POST /api/login 896.189
::1 Thu, 04 Jul 2024 11:45:14 GMT - OPTIONS /api/login 0.999
::1 Thu, 04 Jul 2024 11:45:15 GMT - POST /api/login 827.242
::1 Thu, 04 Jul 2024 11:46:14 GMT - GET /api/dashboard 79.480
::1 Thu, 04 Jul 2024 12:19:46 GMT - OPTIONS /api/dashboard 7.257
::1 Thu, 04 Jul 2024 12:19:56 GMT - GET /api/dashboard 10039.489
::1 Thu, 04 Jul 2024 12:48:21 GMT - OPTIONS /api/login 6.647
::1 Thu, 04 Jul 2024 12:48:22 GMT - POST /api/login 811.608
::1 Thu, 04 Jul 2024 12:48:22 GMT - OPTIONS /api/dashboard 0.541
::1 Thu, 04 Jul 2024 12:48:22 GMT - GET /api/dashboard 47.862
::1 Thu, 04 Jul 2024 13:59:14 GMT - OPTIONS /api/token/refresh 294.885
::1 Thu, 04 Jul 2024 13:59:23 GMT - OPTIONS /api/login 2.786
::1 Thu, 04 Jul 2024 13:59:24 GMT - POST /api/login 922.034
::1 Thu, 04 Jul 2024 13:59:24 GMT - OPTIONS /api/dashboard 0.683
::1 Thu, 04 Jul 2024 13:59:25 GMT - GET /api/dashboard 95.079
::1 Thu, 04 Jul 2024 14:00:31 GMT - OPTIONS /api/dashboard 1.166
::1 Thu, 04 Jul 2024 14:00:31 GMT - GET /api/dashboard 40.217
::1 Thu, 04 Jul 2024 14:01:03 GMT - OPTIONS /api/login 0.663
::1 Thu, 04 Jul 2024 14:01:04 GMT - POST /api/login 607.284
::1 Thu, 04 Jul 2024 14:01:19 GMT - OPTIONS /api/login 0.521
::1 Thu, 04 Jul 2024 14:01:20 GMT - POST /api/login 320.809
::1 Thu, 04 Jul 2024 14:03:14 GMT - OPTIONS /api/login 0.739
::1 Thu, 04 Jul 2024 14:03:14 GMT - POST /api/login 312.210
::1 Thu, 04 Jul 2024 14:03:14 GMT - OPTIONS /api/dashboard 0.339
::1 Thu, 04 Jul 2024 14:03:14 GMT - GET /api/dashboard 51.484
::1 Thu, 04 Jul 2024 14:09:17 GMT - OPTIONS /api/dashboard 3.578
::1 Thu, 04 Jul 2024 14:09:17 GMT - GET /api/dashboard 122.379
::1 Thu, 04 Jul 2024 14:15:00 GMT - OPTIONS /api/dashboard 3.889
::1 Thu, 04 Jul 2024 14:15:00 GMT - GET /api/dashboard 61.764
::1 Thu, 04 Jul 2024 14:17:22 GMT - OPTIONS /api/dashboard 4.030
::1 Thu, 04 Jul 2024 14:17:22 GMT - GET /api/dashboard 62.685
::1 Thu, 04 Jul 2024 14:20:52 GMT - OPTIONS /api/dashboard 6.261
::1 Thu, 04 Jul 2024 14:20:52 GMT - GET /api/dashboard 73.337
::1 Thu, 04 Jul 2024 14:21:16 GMT - OPTIONS /api/dashboard 0.386
::1 Thu, 04 Jul 2024 14:21:16 GMT - GET /api/dashboard 36.022
::1 Thu, 04 Jul 2024 14:21:40 GMT - OPTIONS /api/dashboard 0.437
::1 Thu, 04 Jul 2024 14:21:40 GMT - GET /api/dashboard 39.476
::1 Thu, 04 Jul 2024 14:21:54 GMT - OPTIONS /api/dashboard 0.931
::1 Thu, 04 Jul 2024 14:21:54 GMT - GET /api/dashboard 34.556
::1 Thu, 04 Jul 2024 14:22:04 GMT - OPTIONS /api/dashboard 0.962
::1 Thu, 04 Jul 2024 14:22:04 GMT - GET /api/dashboard 117.767
::1 Thu, 04 Jul 2024 14:22:20 GMT - OPTIONS /api/dashboard 0.416
::1 Thu, 04 Jul 2024 14:22:20 GMT - GET /api/dashboard 36.933
::1 Thu, 04 Jul 2024 14:22:29 GMT - OPTIONS /api/dashboard 0.469
::1 Thu, 04 Jul 2024 14:22:29 GMT - GET /api/dashboard 30.882
::1 Thu, 04 Jul 2024 14:22:39 GMT - OPTIONS /api/dashboard 0.426
::1 Thu, 04 Jul 2024 14:22:39 GMT - GET /api/dashboard 37.305
::1 Thu, 04 Jul 2024 14:22:49 GMT - OPTIONS /api/dashboard 0.536
::1 Thu, 04 Jul 2024 14:22:49 GMT - GET /api/dashboard 35.747
::1 Thu, 04 Jul 2024 14:23:21 GMT - OPTIONS /api/dashboard 0.761
::1 Thu, 04 Jul 2024 14:23:21 GMT - GET /api/dashboard 33.862
::1 Thu, 04 Jul 2024 14:23:47 GMT - OPTIONS /api/dashboard 0.270
::1 Thu, 04 Jul 2024 14:23:47 GMT - GET /api/dashboard 35.626
::1 Thu, 04 Jul 2024 14:24:16 GMT - OPTIONS /api/dashboard 0.315
::1 Thu, 04 Jul 2024 14:24:16 GMT - GET /api/dashboard 33.573
::1 Thu, 04 Jul 2024 14:24:28 GMT - OPTIONS /api/dashboard 0.253
::1 Thu, 04 Jul 2024 14:24:28 GMT - GET /api/dashboard 31.369
::1 Thu, 04 Jul 2024 14:27:23 GMT - OPTIONS /api/dashboard 0.347
::1 Thu, 04 Jul 2024 14:27:23 GMT - GET /api/dashboard 30.059
::1 Thu, 04 Jul 2024 14:29:50 GMT - OPTIONS /api/dashboard 0.648
::1 Thu, 04 Jul 2024 14:29:50 GMT - GET /api/dashboard 35.088
::1 Thu, 04 Jul 2024 14:31:51 GMT - OPTIONS /api/dashboard 0.672
::1 Thu, 04 Jul 2024 14:31:51 GMT - GET /api/dashboard 34.654
::1 Thu, 04 Jul 2024 14:32:07 GMT - OPTIONS /api/dashboard 0.489
::1 Thu, 04 Jul 2024 14:32:07 GMT - GET /api/dashboard 33.651
::1 Thu, 04 Jul 2024 14:34:44 GMT - OPTIONS /api/dashboard 0.449
::1 Thu, 04 Jul 2024 14:34:44 GMT - GET /api/dashboard 36.752
::1 Thu, 04 Jul 2024 14:38:53 GMT - OPTIONS /api/dashboard 3.413
::1 Thu, 04 Jul 2024 14:38:53 GMT - GET /api/dashboard 56.988
::1 Thu, 04 Jul 2024 14:43:14 GMT - OPTIONS /api/dashboard 0.421
::1 Thu, 04 Jul 2024 14:43:14 GMT - GET /api/dashboard 34.433
::1 Thu, 04 Jul 2024 14:43:50 GMT - OPTIONS /api/dashboard 0.596
::1 Thu, 04 Jul 2024 14:43:50 GMT - GET /api/dashboard 35.158
::1 Thu, 04 Jul 2024 14:45:46 GMT - OPTIONS /api/dashboard 0.512
::1 Thu, 04 Jul 2024 14:45:46 GMT - GET /api/dashboard 35.565
::1 Thu, 04 Jul 2024 14:46:21 GMT - OPTIONS /api/dashboard 0.952
::1 Thu, 04 Jul 2024 14:46:22 GMT - GET /api/dashboard 86.170
::1 Thu, 04 Jul 2024 14:47:59 GMT - OPTIONS /api/dashboard 1.356
::1 Thu, 04 Jul 2024 14:48:00 GMT - GET /api/dashboard 67.323
::1 Thu, 04 Jul 2024 15:02:44 GMT - OPTIONS /api/login 1.237
::1 Thu, 04 Jul 2024 15:02:44 GMT - POST /api/login 30.697
::1 Thu, 04 Jul 2024 15:03:38 GMT - OPTIONS /api/login 0.571
::1 Thu, 04 Jul 2024 15:03:39 GMT - POST /api/login 482.350
::1 Thu, 04 Jul 2024 15:03:39 GMT - OPTIONS /api/dashboard 0.537
::1 Thu, 04 Jul 2024 15:03:39 GMT - GET /api/dashboard 36.325
::1 Thu, 04 Jul 2024 15:05:31 GMT - POST /api/login 525.019
::1 Thu, 04 Jul 2024 15:06:00 GMT - GET /api/dashboard 34.237
::1 Thu, 04 Jul 2024 15:06:26 GMT - GET /api/dashboard 36.204
::1 Thu, 04 Jul 2024 15:06:31 GMT - GET /api/dashboard 44.210
::1 Thu, 04 Jul 2024 15:06:36 GMT - GET /api/dashboard 31.054
::1 Thu, 04 Jul 2024 15:06:41 GMT - GET /api/dashboard 34.623
::1 Thu, 04 Jul 2024 15:06:45 GMT - GET /api/dashboard 32.924
::1 Thu, 04 Jul 2024 15:35:11 GMT - GET /api/dashboard 218.122
::1 Thu, 04 Jul 2024 15:35:52 GMT - OPTIONS /api/dashboard 1.474
::1 Thu, 04 Jul 2024 15:35:52 GMT - GET /api/dashboard 34.779
::1 Thu, 04 Jul 2024 15:36:08 GMT - GET /api/dashboard 33.355
::1 Thu, 04 Jul 2024 15:37:53 GMT - OPTIONS /api/dashboard 0.433
::1 Thu, 04 Jul 2024 15:37:53 GMT - GET /api/dashboard 45.042
::1 Thu, 04 Jul 2024 16:01:48 GMT - OPTIONS /api/dashboard 7.501
::1 Thu, 04 Jul 2024 16:01:48 GMT - GET /api/dashboard 77.943
::1 Thu, 04 Jul 2024 16:09:40 GMT - OPTIONS /api/login 4.718
::1 Thu, 04 Jul 2024 16:09:42 GMT - POST /api/login 842.474
::1 Thu, 04 Jul 2024 16:09:42 GMT - OPTIONS /api/dashboard 0.582
::1 Thu, 04 Jul 2024 16:09:43 GMT - GET /api/dashboard 959.561
::1 Thu, 04 Jul 2024 16:16:49 GMT - OPTIONS /api/dashboard 3.711
::1 Thu, 04 Jul 2024 16:16:49 GMT - GET /api/dashboard 56.118
::1 Thu, 04 Jul 2024 16:17:03 GMT - OPTIONS /api/dashboard 0.455
::1 Thu, 04 Jul 2024 16:17:03 GMT - GET /api/dashboard 52.387
::1 Thu, 04 Jul 2024 17:48:59 GMT - OPTIONS /api/token/refresh 15.866
::1 Thu, 04 Jul 2024 17:49:12 GMT - OPTIONS /api/login 2.047
::1 Thu, 04 Jul 2024 17:49:13 GMT - POST /api/login 589.733
::1 Thu, 04 Jul 2024 17:49:13 GMT - OPTIONS /api/dashboard 0.783
::1 Thu, 04 Jul 2024 17:49:13 GMT - GET /api/dashboard 33.105
::1 Thu, 04 Jul 2024 17:51:08 GMT - OPTIONS /api/dashboard 0.316
::1 Thu, 04 Jul 2024 17:51:08 GMT - GET /api/dashboard 32.946
::1 Thu, 04 Jul 2024 17:51:49 GMT - OPTIONS /api/dashboard 0.386
::1 Thu, 04 Jul 2024 17:51:49 GMT - GET /api/dashboard 30.709
::1 Thu, 04 Jul 2024 17:52:09 GMT - OPTIONS /api/dashboard 0.418
::1 Thu, 04 Jul 2024 17:52:09 GMT - GET /api/dashboard 34.143
::1 Thu, 04 Jul 2024 17:52:19 GMT - OPTIONS /api/dashboard 0.843
::1 Thu, 04 Jul 2024 17:52:19 GMT - GET /api/dashboard 70.533
::1 Thu, 04 Jul 2024 17:52:38 GMT - OPTIONS /api/dashboard 0.278
::1 Thu, 04 Jul 2024 17:52:38 GMT - GET /api/dashboard 31.758
::1 Thu, 04 Jul 2024 17:52:59 GMT - OPTIONS /api/dashboard 0.282
::1 Thu, 04 Jul 2024 17:52:59 GMT - GET /api/dashboard 35.372
::1 Thu, 04 Jul 2024 17:56:12 GMT - OPTIONS /api/dashboard 0.352
::1 Thu, 04 Jul 2024 17:56:12 GMT - GET /api/dashboard 34.341
::1 Thu, 04 Jul 2024 17:56:18 GMT - OPTIONS /api/dashboard 0.651
::1 Thu, 04 Jul 2024 17:56:18 GMT - GET /api/dashboard 36.053
::1 Thu, 04 Jul 2024 17:57:28 GMT - OPTIONS /api/dashboard 0.865
::1 Thu, 04 Jul 2024 17:57:28 GMT - GET /api/dashboard 36.080
::1 Thu, 04 Jul 2024 17:58:37 GMT - OPTIONS /api/dashboard 0.537
::1 Thu, 04 Jul 2024 17:58:37 GMT - GET /api/dashboard 39.019
::1 Thu, 04 Jul 2024 17:59:03 GMT - OPTIONS /api/dashboard 0.376
::1 Thu, 04 Jul 2024 17:59:03 GMT - GET /api/dashboard 31.186
::1 Thu, 04 Jul 2024 17:59:26 GMT - OPTIONS /api/dashboard 0.911
::1 Thu, 04 Jul 2024 17:59:26 GMT - GET /api/dashboard 31.395
::1 Thu, 04 Jul 2024 18:03:23 GMT - OPTIONS /api/dashboard 0.309
::1 Thu, 04 Jul 2024 18:03:23 GMT - GET /api/dashboard 29.213
::1 Thu, 04 Jul 2024 18:03:34 GMT - OPTIONS /api/dashboard 0.321
::1 Thu, 04 Jul 2024 18:03:34 GMT - GET /api/dashboard 32.365
::1 Thu, 04 Jul 2024 18:03:40 GMT - OPTIONS /api/dashboard 0.246
::1 Thu, 04 Jul 2024 18:03:41 GMT - GET /api/dashboard 306.304
::1 Thu, 04 Jul 2024 18:10:12 GMT - OPTIONS /api/dashboard 0.458
::1 Thu, 04 Jul 2024 18:10:12 GMT - GET /api/dashboard 173.458
::1 Thu, 04 Jul 2024 18:15:21 GMT - OPTIONS /api/dashboard 6.164
::1 Thu, 04 Jul 2024 18:15:21 GMT - GET /api/dashboard 66.776
::1 Thu, 04 Jul 2024 18:16:29 GMT - OPTIONS /api/dashboard 2.139
::1 Thu, 04 Jul 2024 18:16:29 GMT - GET /api/dashboard 34.940
::1 Thu, 04 Jul 2024 18:21:27 GMT - OPTIONS /api/dashboard 4.529
::1 Thu, 04 Jul 2024 18:21:27 GMT - GET /api/dashboard 68.127
::1 Thu, 04 Jul 2024 18:23:57 GMT - OPTIONS /api/dashboard 0.372
::1 Thu, 04 Jul 2024 18:23:57 GMT - GET /api/dashboard 93.122
::1 Thu, 04 Jul 2024 18:36:10 GMT - OPTIONS /api/dashboard 5.562
::1 Thu, 04 Jul 2024 18:36:10 GMT - GET /api/dashboard 84.780
::1 Thu, 04 Jul 2024 18:36:23 GMT - OPTIONS /api/dashboard 0.494
::1 Thu, 04 Jul 2024 18:36:23 GMT - GET /api/dashboard 43.279
::1 Thu, 04 Jul 2024 18:38:02 GMT - OPTIONS /api/dashboard 0.931
::1 Thu, 04 Jul 2024 18:38:02 GMT - GET /api/dashboard 36.050
::1 Thu, 04 Jul 2024 18:38:22 GMT - OPTIONS /api/dashboard 0.675
::1 Thu, 04 Jul 2024 18:38:22 GMT - GET /api/dashboard 37.865
::1 Thu, 04 Jul 2024 18:39:32 GMT - OPTIONS /api/dashboard 0.405
::1 Thu, 04 Jul 2024 18:39:32 GMT - GET /api/dashboard 34.587
::1 Thu, 04 Jul 2024 18:40:28 GMT - OPTIONS /api/dashboard 0.449
::1 Thu, 04 Jul 2024 18:40:28 GMT - GET /api/dashboard 30.979
::1 Thu, 04 Jul 2024 18:40:46 GMT - OPTIONS /api/dashboard 0.246
::1 Thu, 04 Jul 2024 18:40:46 GMT - GET /api/dashboard 32.320
::1 Thu, 04 Jul 2024 18:40:51 GMT - GET /api/dashboard 34.880
::1 Thu, 04 Jul 2024 18:42:34 GMT - OPTIONS /api/dashboard 0.251
::1 Thu, 04 Jul 2024 18:42:34 GMT - GET /api/dashboard 29.511
::1 Thu, 04 Jul 2024 18:42:58 GMT - OPTIONS /api/dashboard 0.624
::1 Thu, 04 Jul 2024 18:42:58 GMT - GET /api/dashboard 34.642
::1 Thu, 04 Jul 2024 18:43:22 GMT - OPTIONS /api/dashboard 0.248
::1 Thu, 04 Jul 2024 18:43:22 GMT - GET /api/dashboard 30.819
::1 Thu, 04 Jul 2024 18:43:40 GMT - OPTIONS /api/dashboard 0.240
::1 Thu, 04 Jul 2024 18:43:40 GMT - GET /api/dashboard 30.188
::1 Thu, 04 Jul 2024 18:44:25 GMT - OPTIONS /api/dashboard 0.199
::1 Thu, 04 Jul 2024 18:44:25 GMT - GET /api/dashboard 33.234
::1 Thu, 04 Jul 2024 18:44:32 GMT - OPTIONS /api/dashboard 0.248
::1 Thu, 04 Jul 2024 18:44:32 GMT - GET /api/dashboard 30.231
::1 Thu, 04 Jul 2024 18:45:16 GMT - OPTIONS /api/dashboard 0.272
::1 Thu, 04 Jul 2024 18:45:16 GMT - GET /api/dashboard 34.718
::1 Thu, 04 Jul 2024 18:45:49 GMT - OPTIONS /api/dashboard 0.344
::1 Thu, 04 Jul 2024 18:45:49 GMT - GET /api/dashboard 83.898
::1 Thu, 04 Jul 2024 18:45:58 GMT - OPTIONS /api/dashboard 0.417
::1 Thu, 04 Jul 2024 18:45:58 GMT - GET /api/dashboard 33.189
::1 Thu, 04 Jul 2024 18:46:08 GMT - OPTIONS /api/dashboard 0.444
::1 Thu, 04 Jul 2024 18:46:08 GMT - GET /api/dashboard 39.100
::1 Thu, 04 Jul 2024 18:46:30 GMT - OPTIONS /api/dashboard 0.442
::1 Thu, 04 Jul 2024 18:46:30 GMT - GET /api/dashboard 43.299
::1 Thu, 04 Jul 2024 18:46:38 GMT - OPTIONS /api/dashboard 0.460
::1 Thu, 04 Jul 2024 18:46:39 GMT - GET /api/dashboard 994.327
::1 Thu, 04 Jul 2024 18:46:51 GMT - OPTIONS /api/dashboard 0.363
::1 Thu, 04 Jul 2024 18:46:52 GMT - GET /api/dashboard 31.335
::1 Thu, 04 Jul 2024 18:47:02 GMT - OPTIONS /api/dashboard 0.381
::1 Thu, 04 Jul 2024 18:47:02 GMT - GET /api/dashboard 31.120
::1 Thu, 04 Jul 2024 18:47:21 GMT - OPTIONS /api/dashboard 0.192
::1 Thu, 04 Jul 2024 18:47:21 GMT - GET /api/dashboard 155.570
::1 Thu, 04 Jul 2024 18:47:34 GMT - OPTIONS /api/dashboard 0.420
::1 Thu, 04 Jul 2024 18:47:34 GMT - GET /api/dashboard 63.902
::1 Thu, 04 Jul 2024 18:54:33 GMT - OPTIONS /api/login 2.779
::1 Thu, 04 Jul 2024 18:54:34 GMT - POST /api/login 525.992
::1 Thu, 04 Jul 2024 18:54:34 GMT - OPTIONS /api/dashboard 0.424
::1 Thu, 04 Jul 2024 18:54:34 GMT - GET /api/dashboard 34.538
::1 Thu, 04 Jul 2024 19:00:06 GMT - OPTIONS /api/dashboard 3.342
::1 Thu, 04 Jul 2024 19:00:06 GMT - GET /api/dashboard 60.011
::1 Thu, 04 Jul 2024 19:01:02 GMT - OPTIONS /api/dashboard 0.640
::1 Thu, 04 Jul 2024 19:01:02 GMT - GET /api/dashboard 32.678
::1 Thu, 04 Jul 2024 19:01:52 GMT - OPTIONS /api/dashboard 0.616
::1 Thu, 04 Jul 2024 19:01:52 GMT - GET /api/dashboard 34.583
::1 Thu, 04 Jul 2024 19:02:51 GMT - OPTIONS /api/dashboard 4.506
::1 Thu, 04 Jul 2024 19:02:51 GMT - GET /api/dashboard 57.090
::1 Thu, 04 Jul 2024 19:12:21 GMT - OPTIONS /api/dashboard 4.131
::1 Thu, 04 Jul 2024 19:12:21 GMT - GET /api/dashboard 58.265
::1 Thu, 04 Jul 2024 19:13:09 GMT - OPTIONS /api/dashboard 0.546
::1 Thu, 04 Jul 2024 19:13:10 GMT - GET /api/dashboard 275.941
::1 Thu, 04 Jul 2024 19:13:52 GMT - OPTIONS /api/dashboard 0.271
::1 Thu, 04 Jul 2024 19:13:52 GMT - GET /api/dashboard 64.356
::1 Thu, 04 Jul 2024 19:18:39 GMT - OPTIONS /api/dashboard 0.499
::1 Thu, 04 Jul 2024 19:18:39 GMT - GET /api/dashboard 31.512
::1 Thu, 04 Jul 2024 19:18:42 GMT - GET /api/dashboard 62.397
::1 Thu, 04 Jul 2024 19:19:33 GMT - OPTIONS /api/dashboard 0.417
::1 Thu, 04 Jul 2024 19:19:33 GMT - GET /api/dashboard 77.044
::1 Thu, 04 Jul 2024 19:19:50 GMT - OPTIONS /api/dashboard 0.244
::1 Thu, 04 Jul 2024 19:19:50 GMT - GET /api/dashboard 29.095
::1 Thu, 04 Jul 2024 19:20:00 GMT - OPTIONS /api/login 0.457
::1 Thu, 04 Jul 2024 19:20:01 GMT - POST /api/login 618.655
::1 Thu, 04 Jul 2024 19:20:01 GMT - OPTIONS /api/dashboard 0.518
::1 Thu, 04 Jul 2024 19:20:01 GMT - GET /api/dashboard 32.241
::1 Thu, 04 Jul 2024 19:24:34 GMT - OPTIONS /api/dashboard 5.160
::1 Thu, 04 Jul 2024 19:24:34 GMT - GET /api/dashboard 48.054
::1 Thu, 04 Jul 2024 19:26:10 GMT - OPTIONS /api/dashboard 4.726
::1 Thu, 04 Jul 2024 19:26:10 GMT - GET /api/dashboard 128.681
::1 Thu, 04 Jul 2024 19:26:33 GMT - OPTIONS /api/dashboard 3.968
::1 Thu, 04 Jul 2024 19:26:33 GMT - GET /api/dashboard 54.231
::1 Thu, 04 Jul 2024 19:37:01 GMT - OPTIONS /api/dashboard 2.540
::1 Thu, 04 Jul 2024 19:37:01 GMT - GET /api/dashboard 50.476
::1 Thu, 04 Jul 2024 19:37:43 GMT - OPTIONS /api/login 0.736
::1 Thu, 04 Jul 2024 19:37:43 GMT - POST /api/login 39.100
::1 Thu, 04 Jul 2024 19:37:53 GMT - OPTIONS /api/login 1.174
::1 Thu, 04 Jul 2024 19:37:53 GMT - POST /api/login 28.828
::1 Thu, 04 Jul 2024 19:38:06 GMT - OPTIONS /api/login 0.510
::1 Thu, 04 Jul 2024 19:38:06 GMT - POST /api/login 27.633
::1 Thu, 04 Jul 2024 19:38:15 GMT - OPTIONS /api/login 1.103
::1 Thu, 04 Jul 2024 19:38:15 GMT - POST /api/login 28.477
::1 Thu, 04 Jul 2024 19:38:23 GMT - OPTIONS /api/login 0.401
::1 Thu, 04 Jul 2024 19:38:23 GMT - POST /api/login 32.844
::1 Thu, 04 Jul 2024 19:38:32 GMT - OPTIONS /api/login 0.608
::1 Thu, 04 Jul 2024 19:38:32 GMT - POST /api/login 30.129
::1 Thu, 04 Jul 2024 19:38:43 GMT - OPTIONS /api/login 0.470
::1 Thu, 04 Jul 2024 19:38:43 GMT - POST /api/login 27.214
::1 Thu, 04 Jul 2024 19:38:43 GMT - POST /api/login 32.561
::1 Thu, 04 Jul 2024 19:38:55 GMT - OPTIONS /api/login 0.647
::1 Thu, 04 Jul 2024 19:38:55 GMT - POST /api/login 451.429
::1 Thu, 04 Jul 2024 19:38:55 GMT - OPTIONS /api/dashboard 0.484
::1 Thu, 04 Jul 2024 19:38:55 GMT - GET /api/dashboard 33.901
::1 Thu, 04 Jul 2024 19:39:05 GMT - OPTIONS /api/dashboard 0.446
::1 Thu, 04 Jul 2024 19:39:05 GMT - GET /api/dashboard 33.223
::1 Fri, 05 Jul 2024 05:43:47 GMT - OPTIONS /api/login 7.045
::1 Fri, 05 Jul 2024 05:43:49 GMT - POST /api/login 1105.980
::1 Fri, 05 Jul 2024 05:44:50 GMT - OPTIONS /api/login 5.935
::1 Fri, 05 Jul 2024 05:44:51 GMT - POST /api/login 939.656
::1 Fri, 05 Jul 2024 05:44:51 GMT - OPTIONS /api/event-list 1.414
::1 Fri, 05 Jul 2024 05:44:51 GMT - GET /api/event-list 95.305
::1 Fri, 05 Jul 2024 05:45:22 GMT - OPTIONS /api/event-list 0.758
::1 Fri, 05 Jul 2024 05:45:22 GMT - GET /api/event-list 77.661
::1 Fri, 05 Jul 2024 05:48:59 GMT - OPTIONS /api/login 0.467
::1 Fri, 05 Jul 2024 05:49:00 GMT - POST /api/login 824.351
::1 Fri, 05 Jul 2024 05:49:09 GMT - OPTIONS /api/login 0.250
::1 Fri, 05 Jul 2024 05:49:10 GMT - POST /api/login 615.796
::1 Fri, 05 Jul 2024 05:49:10 GMT - OPTIONS /api/event-list 0.332
::1 Fri, 05 Jul 2024 05:49:10 GMT - GET /api/event-list 65.101
::1 Fri, 05 Jul 2024 06:09:27 GMT - OPTIONS /api/event-list 0.689
::1 Fri, 05 Jul 2024 06:09:27 GMT - GET /api/event-list 236.367
::1 Fri, 05 Jul 2024 06:10:27 GMT - OPTIONS /api/login 0.359
::1 Fri, 05 Jul 2024 06:10:28 GMT - POST /api/login 786.962
::1 Fri, 05 Jul 2024 06:10:28 GMT - OPTIONS /api/event-list 0.324
::1 Fri, 05 Jul 2024 06:10:28 GMT - GET /api/event-list 67.571
::1 Fri, 05 Jul 2024 06:10:46 GMT - OPTIONS /api/event-list 0.562
::1 Fri, 05 Jul 2024 06:10:46 GMT - GET /api/event-list 625.245
::1 Fri, 05 Jul 2024 06:15:18 GMT - OPTIONS /api/event-list 5.116
::1 Fri, 05 Jul 2024 06:15:18 GMT - GET /api/event-list 607.189
::1 Fri, 05 Jul 2024 06:16:01 GMT - OPTIONS /api/event-list 4.385
::1 Fri, 05 Jul 2024 06:16:01 GMT - GET /api/event-list 114.308
::1 Fri, 05 Jul 2024 06:16:10 GMT - OPTIONS /api/event-list 0.532
::1 Fri, 05 Jul 2024 06:16:10 GMT - GET /api/event-list 286.397
::1 Fri, 05 Jul 2024 06:16:20 GMT - OPTIONS /api/event-list 0.510
::1 Fri, 05 Jul 2024 06:16:20 GMT - GET /api/event-list 71.663
::1 Fri, 05 Jul 2024 06:16:36 GMT - OPTIONS /api/event-list 6.233
::1 Fri, 05 Jul 2024 06:16:37 GMT - GET /api/event-list 566.815
::1 Fri, 05 Jul 2024 06:18:38 GMT - OPTIONS /api/event-list 13.908
::1 Fri, 05 Jul 2024 06:18:38 GMT - GET /api/event-list 150.709
::1 Fri, 05 Jul 2024 06:20:29 GMT - OPTIONS /api/event-list 10.252
::1 Fri, 05 Jul 2024 06:20:29 GMT - GET /api/event-list 391.633
::ffff:127.0.0.1 Fri, 05 Jul 2024 06:22:17 GMT - OPTIONS /api/event-list 4.715
::ffff:127.0.0.1 Fri, 05 Jul 2024 06:22:17 GMT - GET /api/event-list 683.153
::ffff:127.0.0.1 Fri, 05 Jul 2024 06:22:18 GMT - GET /api/event-list 73.719
::1 Fri, 05 Jul 2024 06:23:38 GMT - OPTIONS /api/event-list 9.563
::1 Fri, 05 Jul 2024 06:23:38 GMT - GET /api/event-list 105.683
::1 Fri, 05 Jul 2024 06:24:38 GMT - OPTIONS /api/event-list 4.760
::1 Fri, 05 Jul 2024 06:24:39 GMT - GET /api/event-list 1126.004
::1 Fri, 05 Jul 2024 06:24:41 GMT - GET /api/event-list 70.739
::ffff:127.0.0.1 Fri, 05 Jul 2024 06:45:34 GMT - OPTIONS /api/event-list 2.785
::ffff:127.0.0.1 Fri, 05 Jul 2024 06:45:34 GMT - GET /api/event-list 744.892
::ffff:127.0.0.1 Fri, 05 Jul 2024 06:45:35 GMT - GET /api/event-list 66.388
::1 Fri, 05 Jul 2024 06:46:36 GMT - OPTIONS /api/event-list 2.938
::1 Fri, 05 Jul 2024 06:46:37 GMT - GET /api/event-list 551.705
::1 Fri, 05 Jul 2024 06:53:37 GMT - OPTIONS /api/event-list 10.778
::1 Fri, 05 Jul 2024 06:53:38 GMT - GET /api/event-list 131.074
::1 Fri, 05 Jul 2024 07:13:34 GMT - OPTIONS /api/login 2.824
::1 Fri, 05 Jul 2024 07:13:35 GMT - POST /api/login 370.073
::1 Fri, 05 Jul 2024 07:13:35 GMT - OPTIONS /api/event-list 0.820
::1 Fri, 05 Jul 2024 07:13:35 GMT - GET /api/event-list 88.334
::1 Fri, 05 Jul 2024 07:25:12 GMT - OPTIONS /api/event-list 9.026
::1 Fri, 05 Jul 2024 07:25:13 GMT - GET /api/event-list 270.478
::1 Fri, 05 Jul 2024 07:25:20 GMT - OPTIONS /api/event-list 1.089
::1 Fri, 05 Jul 2024 07:25:21 GMT - GET /api/event-list 73.773
::1 Fri, 05 Jul 2024 07:27:24 GMT - OPTIONS /api/event-list 2.204
::1 Fri, 05 Jul 2024 07:27:24 GMT - GET /api/event-list 148.302
::1 Fri, 05 Jul 2024 07:30:42 GMT - OPTIONS /api/event-list 3.875
::1 Fri, 05 Jul 2024 07:30:42 GMT - GET /api/event-list 450.089
::1 Fri, 05 Jul 2024 07:34:34 GMT - OPTIONS /api/event-list 7.612
::1 Fri, 05 Jul 2024 07:34:34 GMT - GET /api/event-list 227.901
::1 Fri, 05 Jul 2024 07:35:00 GMT - OPTIONS /api/event-list 0.662
::1 Fri, 05 Jul 2024 07:35:00 GMT - GET /api/event-list 138.270
::1 Fri, 05 Jul 2024 07:36:06 GMT - OPTIONS /api/events 2.211
::1 Fri, 05 Jul 2024 07:36:07 GMT - POST /api/events 123.569
::1 Fri, 05 Jul 2024 07:36:28 GMT - OPTIONS /api/event-list 0.982
::1 Fri, 05 Jul 2024 07:36:28 GMT - GET /api/event-list 110.761
::1 Fri, 05 Jul 2024 07:45:43 GMT - OPTIONS /api/event-list 8.140
::1 Fri, 05 Jul 2024 07:45:43 GMT - GET /api/event-list 110.378
::1 Fri, 05 Jul 2024 07:47:57 GMT - OPTIONS /api/event-list 5.560
::1 Fri, 05 Jul 2024 07:47:57 GMT - GET /api/event-list 161.631
::1 Fri, 05 Jul 2024 07:49:02 GMT - OPTIONS /api/events 0.995
::1 Fri, 05 Jul 2024 07:49:06 GMT - POST /api/events 136.185
::1 Fri, 05 Jul 2024 07:49:14 GMT - OPTIONS /api/event-list 1.328
::1 Fri, 05 Jul 2024 07:49:15 GMT - GET /api/event-list 98.632
::1 Fri, 05 Jul 2024 07:49:38 GMT - OPTIONS /api/event-list 0.741
::1 Fri, 05 Jul 2024 07:49:38 GMT - GET /api/event-list 60.705
::1 Fri, 05 Jul 2024 08:32:25 GMT - OPTIONS /api/token/refresh 144.216
::1 Fri, 05 Jul 2024 08:32:34 GMT - OPTIONS /api/login 1.653
::1 Fri, 05 Jul 2024 08:32:35 GMT - POST /api/login 843.667
::1 Fri, 05 Jul 2024 08:32:35 GMT - OPTIONS /api/event-list 0.986
::1 Fri, 05 Jul 2024 08:32:35 GMT - GET /api/event-list 67.673
::1 Fri, 05 Jul 2024 08:43:22 GMT - OPTIONS /api/event-list 3.876
::1 Fri, 05 Jul 2024 08:43:22 GMT - GET /api/event-list 95.553
::1 Fri, 05 Jul 2024 08:45:01 GMT - OPTIONS /api/event-list 3.652
::1 Fri, 05 Jul 2024 08:45:01 GMT - GET /api/event-list 88.953
::1 Fri, 05 Jul 2024 08:50:28 GMT - OPTIONS /api/event-list 3.463
::1 Fri, 05 Jul 2024 08:50:28 GMT - GET /api/event-list 93.099
::1 Fri, 05 Jul 2024 08:55:39 GMT - OPTIONS /api/event-list 3.750
::1 Fri, 05 Jul 2024 08:55:39 GMT - GET /api/event-list 122.589
::ffff:127.0.0.1 Fri, 05 Jul 2024 08:57:59 GMT - OPTIONS /api/event-list 3.192
::ffff:127.0.0.1 Fri, 05 Jul 2024 08:58:00 GMT - GET /api/event-list 1540.070
::ffff:127.0.0.1 Fri, 05 Jul 2024 08:58:26 GMT - OPTIONS /api/event-list 0.679
::ffff:127.0.0.1 Fri, 05 Jul 2024 08:58:26 GMT - GET /api/event-list 64.827
::1 Fri, 05 Jul 2024 09:05:41 GMT - OPTIONS /api/event-list 3.356
::1 Fri, 05 Jul 2024 09:05:41 GMT - GET /api/event-list 123.371
::1 Fri, 05 Jul 2024 09:05:47 GMT - OPTIONS /api/event/E-88 0.817
::1 Fri, 05 Jul 2024 09:05:47 GMT - GET /api/event/E-88 11.186
::1 Fri, 05 Jul 2024 09:05:48 GMT - GET /api/event/E-88 5.225
::1 Fri, 05 Jul 2024 09:05:54 GMT - OPTIONS /api/event/E-18 0.998
::1 Fri, 05 Jul 2024 09:05:54 GMT - GET /api/event/E-18 4.416
::1 Fri, 05 Jul 2024 09:06:40 GMT - OPTIONS /api/event/E-61 4.314
::1 Fri, 05 Jul 2024 09:06:40 GMT - GET /api/event/E-61 13.170
::1 Fri, 05 Jul 2024 09:07:22 GMT - OPTIONS /api/event-list 2.084
::1 Fri, 05 Jul 2024 09:07:22 GMT - GET /api/event-list 104.587
::1 Fri, 05 Jul 2024 09:07:49 GMT - OPTIONS /api/event/E-88 0.618
::1 Fri, 05 Jul 2024 09:07:49 GMT - GET /api/event/E-88 5.161
::1 Fri, 05 Jul 2024 09:08:37 GMT - OPTIONS /api/event-list 2.849
::1 Fri, 05 Jul 2024 09:08:37 GMT - GET /api/event-list 744.034
::ffff:127.0.0.1 Fri, 05 Jul 2024 09:08:44 GMT - OPTIONS /api/eventE-88 15.400
::1 Fri, 05 Jul 2024 09:09:27 GMT - OPTIONS /api/eventE-88 5.110
::1 Fri, 05 Jul 2024 09:49:28 GMT - OPTIONS /api/token/refresh 16.240
::1 Fri, 05 Jul 2024 09:57:02 GMT - OPTIONS /api/login 4.390
::1 Fri, 05 Jul 2024 09:57:03 GMT - POST /api/login 578.134
::1 Fri, 05 Jul 2024 09:57:03 GMT - OPTIONS /api/event-list 1.711
::1 Fri, 05 Jul 2024 09:57:03 GMT - GET /api/event-list 116.156
::1 Fri, 05 Jul 2024 09:58:12 GMT - OPTIONS /api/event-list 5.517
::1 Fri, 05 Jul 2024 09:58:12 GMT - GET /api/event-list 96.375
::1 Fri, 05 Jul 2024 09:58:32 GMT - OPTIONS /api/events/E-61 92.372
::1 Fri, 05 Jul 2024 10:15:41 GMT - OPTIONS /api/events/E-61 1940.009
::1 Fri, 05 Jul 2024 10:15:52 GMT - OPTIONS /api/eventE-61 22.128
::1 Fri, 05 Jul 2024 10:33:10 GMT - OPTIONS /api/event-list 3.861
::1 Fri, 05 Jul 2024 10:33:11 GMT - GET /api/event-list 300.130
::1 Fri, 05 Jul 2024 10:34:21 GMT - OPTIONS /api/event-list 1.311
::1 Fri, 05 Jul 2024 10:34:21 GMT - GET /api/event-list 139.610
::1 Fri, 05 Jul 2024 10:38:01 GMT - OPTIONS /api/login 3.960
::1 Fri, 05 Jul 2024 10:38:02 GMT - POST /api/login 345.938
::1 Fri, 05 Jul 2024 10:38:02 GMT - OPTIONS /api/event-list 1.059
::1 Fri, 05 Jul 2024 10:38:02 GMT - GET /api/event-list 90.627
::1 Fri, 05 Jul 2024 10:38:14 GMT - OPTIONS /api/eventE-88 34.532
::1 Fri, 05 Jul 2024 10:38:25 GMT - OPTIONS /api/eventE-18 5.592
::1 Fri, 05 Jul 2024 10:38:32 GMT - OPTIONS /api/eventE-61 5.757
::1 Fri, 05 Jul 2024 10:40:04 GMT - OPTIONS /api/event-list 4.285
::1 Fri, 05 Jul 2024 10:40:04 GMT - GET /api/event-list 115.543
::1 Fri, 05 Jul 2024 10:40:13 GMT - OPTIONS /api/eventE-88 28.533
::1 Fri, 05 Jul 2024 10:40:40 GMT - OPTIONS /api/event-list 0.649
::1 Fri, 05 Jul 2024 10:40:40 GMT - GET /api/event-list 69.237
::1 Fri, 05 Jul 2024 10:41:24 GMT - OPTIONS /api/eventE-76 5.135
::1 Fri, 05 Jul 2024 10:41:49 GMT - OPTIONS /api/event-list 5.745
::1 Fri, 05 Jul 2024 10:41:49 GMT - GET /api/event-list 96.805
::1 Fri, 05 Jul 2024 10:41:56 GMT - OPTIONS /api/event/E-88 0.852
::1 Fri, 05 Jul 2024 10:41:56 GMT - DELETE /api/event/E-88 241.590
::1 Fri, 05 Jul 2024 10:42:03 GMT - OPTIONS /api/event-list 1.184
::1 Fri, 05 Jul 2024 10:42:04 GMT - GET /api/event-list 75.766
::1 Fri, 05 Jul 2024 10:42:12 GMT - OPTIONS /api/event/E-88 0.504
::1 Fri, 05 Jul 2024 10:42:12 GMT - DELETE /api/event/E-88 61.797
::1 Fri, 05 Jul 2024 10:42:48 GMT - OPTIONS /api/event-list 0.718
::1 Fri, 05 Jul 2024 10:42:48 GMT - GET /api/event-list 75.079
::1 Fri, 05 Jul 2024 10:42:59 GMT - OPTIONS /api/event/E-88 0.548
::1 Fri, 05 Jul 2024 10:42:59 GMT - DELETE /api/event/E-88 60.546
::1 Fri, 05 Jul 2024 10:43:57 GMT - OPTIONS /api/event-list 3.990
::1 Fri, 05 Jul 2024 10:43:58 GMT - GET /api/event-list 130.558
::1 Fri, 05 Jul 2024 10:44:02 GMT - GET /api/event-list 67.455
::1 Fri, 05 Jul 2024 10:44:19 GMT - OPTIONS /api/event-list 0.604
::1 Fri, 05 Jul 2024 10:44:19 GMT - GET /api/event-list 90.130
::1 Fri, 05 Jul 2024 10:44:22 GMT - GET /api/event-list 61.070
::1 Fri, 05 Jul 2024 10:45:15 GMT - OPTIONS /api/event-list 6.064
::1 Fri, 05 Jul 2024 10:45:15 GMT - GET /api/event-list 118.781
::1 Fri, 05 Jul 2024 10:45:23 GMT - OPTIONS /api/event/E-18 1.054
::1 Fri, 05 Jul 2024 10:45:23 GMT - DELETE /api/event/E-18 70.529
::1 Fri, 05 Jul 2024 10:45:29 GMT - OPTIONS /api/event-list 0.581
::1 Fri, 05 Jul 2024 10:45:29 GMT - GET /api/event-list 62.365
::1 Fri, 05 Jul 2024 10:45:54 GMT - OPTIONS /api/events/E-61 4.279
::1 Fri, 05 Jul 2024 10:46:50 GMT - OPTIONS /api/events/E-61 4.789
::1 Fri, 05 Jul 2024 10:52:12 GMT - OPTIONS /api/event-list 5.276
::1 Fri, 05 Jul 2024 10:52:12 GMT - GET /api/event-list 497.200
::1 Fri, 05 Jul 2024 10:55:41 GMT - OPTIONS /api/event-list 2.959
::1 Fri, 05 Jul 2024 10:55:41 GMT - GET /api/event-list 99.381
::ffff:127.0.0.1 Fri, 05 Jul 2024 10:56:20 GMT - OPTIONS /api/event-list 2.815
::ffff:127.0.0.1 Fri, 05 Jul 2024 10:56:21 GMT - GET /api/event-list 1571.404
::ffff:127.0.0.1 Fri, 05 Jul 2024 10:56:22 GMT - GET /api/event-list 68.867
::1 Fri, 05 Jul 2024 11:01:31 GMT - OPTIONS /api/event-list 1.284
::1 Fri, 05 Jul 2024 11:01:32 GMT - GET /api/event-list 64.313
::1 Fri, 05 Jul 2024 11:03:11 GMT - OPTIONS /api/event-list 5.142
::1 Fri, 05 Jul 2024 11:03:12 GMT - GET /api/event-list 753.561
::1 Fri, 05 Jul 2024 11:06:20 GMT - OPTIONS /api/event-list 3.043
::1 Fri, 05 Jul 2024 11:06:20 GMT - GET /api/event-list 518.505
::1 Fri, 05 Jul 2024 11:09:44 GMT - OPTIONS /api/event-list 3.989
::1 Fri, 05 Jul 2024 11:09:44 GMT - GET /api/event-list 199.178
::1 Fri, 05 Jul 2024 11:09:55 GMT - OPTIONS /api/events/Emp-858 18.538
::1 Fri, 05 Jul 2024 11:10:09 GMT - OPTIONS /api/events/Emp-858 142.994
::1 Fri, 05 Jul 2024 11:17:07 GMT - OPTIONS /api/event-list 3.791
::1 Fri, 05 Jul 2024 11:17:08 GMT - GET /api/event-list 117.383
::1 Fri, 05 Jul 2024 11:17:27 GMT - OPTIONS /api/events/Emp-858 14.043
::1 Fri, 05 Jul 2024 11:17:35 GMT - OPTIONS /api/events/Emp-858 4.047
::1 Fri, 05 Jul 2024 11:19:47 GMT - OPTIONS /api/event-list 6.789
::1 Fri, 05 Jul 2024 11:19:48 GMT - GET /api/event-list 453.059
::1 Fri, 05 Jul 2024 11:20:14 GMT - OPTIONS /api/events/Emp-858 14.170
::1 Fri, 05 Jul 2024 11:22:05 GMT - OPTIONS /api/event-list 5.469
::1 Fri, 05 Jul 2024 11:22:05 GMT - GET /api/event-list 135.681
::1 Fri, 05 Jul 2024 11:22:32 GMT - OPTIONS /api/events/Emp-858 14.264
::1 Fri, 05 Jul 2024 11:25:40 GMT - OPTIONS /api/event-list 4.778
::1 Fri, 05 Jul 2024 11:25:40 GMT - GET /api/event-list 117.485
::1 Fri, 05 Jul 2024 11:26:11 GMT - OPTIONS /api/events/Emp-858 13.121
::1 Fri, 05 Jul 2024 11:26:28 GMT - OPTIONS /api/events/Emp-858 7.265
::1 Fri, 05 Jul 2024 11:28:10 GMT - OPTIONS /api/event-list 6.408
::1 Fri, 05 Jul 2024 11:28:10 GMT - GET /api/event-list 142.831
::1 Fri, 05 Jul 2024 11:28:33 GMT - OPTIONS /api/events 0.914
::1 Fri, 05 Jul 2024 11:28:34 GMT - PUT /api/events 123.510
::1 Fri, 05 Jul 2024 11:28:41 GMT - OPTIONS /api/event-list 0.941
::1 Fri, 05 Jul 2024 11:28:41 GMT - GET /api/event-list 172.758
::1 Fri, 05 Jul 2024 11:29:13 GMT - OPTIONS /api/event/E-61 0.754
::1 Fri, 05 Jul 2024 11:29:13 GMT - DELETE /api/event/E-61 67.049
::1 Fri, 05 Jul 2024 11:29:17 GMT - OPTIONS /api/event-list 0.563
::1 Fri, 05 Jul 2024 11:29:17 GMT - GET /api/event-list 78.596
::1 Fri, 05 Jul 2024 11:29:23 GMT - OPTIONS /api/event/E-61 0.496
::1 Fri, 05 Jul 2024 11:29:23 GMT - DELETE /api/event/E-61 61.523
::1 Fri, 05 Jul 2024 11:29:26 GMT - OPTIONS /api/event-list 1.031
::1 Fri, 05 Jul 2024 11:29:26 GMT - GET /api/event-list 70.614
::1 Fri, 05 Jul 2024 11:30:21 GMT - OPTIONS /api/events 0.499
::1 Fri, 05 Jul 2024 11:30:21 GMT - POST /api/events 100.047
::1 Fri, 05 Jul 2024 11:30:26 GMT - OPTIONS /api/event-list 0.444
::1 Fri, 05 Jul 2024 11:30:26 GMT - GET /api/event-list 71.524
::1 Fri, 05 Jul 2024 11:33:34 GMT - OPTIONS /api/event-list 6.133
::1 Fri, 05 Jul 2024 11:33:35 GMT - GET /api/event-list 463.351
::1 Fri, 05 Jul 2024 11:33:44 GMT - OPTIONS /api/event/E-21 1.327
::1 Fri, 05 Jul 2024 11:33:44 GMT - DELETE /api/event/E-21 70.900
::1 Fri, 05 Jul 2024 11:33:45 GMT - OPTIONS /api/event-list 0.503
::1 Fri, 05 Jul 2024 11:33:45 GMT - GET /api/event-list 68.191
::1 Fri, 05 Jul 2024 11:34:02 GMT - OPTIONS /api/event/E-47 0.922
::1 Fri, 05 Jul 2024 11:34:02 GMT - DELETE /api/event/E-47 71.232
::1 Fri, 05 Jul 2024 11:34:03 GMT - OPTIONS /api/event-list 0.479
::1 Fri, 05 Jul 2024 11:34:03 GMT - GET /api/event-list 66.336
::1 Fri, 05 Jul 2024 11:34:13 GMT - OPTIONS /api/event/E-47 0.413
::1 Fri, 05 Jul 2024 11:34:14 GMT - DELETE /api/event/E-47 64.377
::1 Fri, 05 Jul 2024 11:34:14 GMT - OPTIONS /api/event-list 0.209
::1 Fri, 05 Jul 2024 11:34:14 GMT - GET /api/event-list 68.799
::1 Fri, 05 Jul 2024 11:34:55 GMT - OPTIONS /api/event-list 2.418
::1 Fri, 05 Jul 2024 11:34:56 GMT - GET /api/event-list 984.881
::1 Fri, 05 Jul 2024 11:35:05 GMT - OPTIONS /api/event/E-64 0.978
::1 Fri, 05 Jul 2024 11:35:05 GMT - OPTIONS /api/event-list 0.511
::1 Fri, 05 Jul 2024 11:35:06 GMT - GET /api/event-list 339.321
::1 Fri, 05 Jul 2024 11:35:13 GMT - OPTIONS /api/event/E-64 0.664
::1 Fri, 05 Jul 2024 11:35:13 GMT - DELETE /api/event/E-64 -
::1 Fri, 05 Jul 2024 11:35:13 GMT - OPTIONS /api/event-list 0.312
::1 Fri, 05 Jul 2024 11:35:14 GMT - GET /api/event-list 63.587
::1 Fri, 05 Jul 2024 11:35:53 GMT - OPTIONS /api/event-list 4.545
::1 Fri, 05 Jul 2024 11:35:53 GMT - GET /api/event-list 93.268
::1 Fri, 05 Jul 2024 11:35:58 GMT - OPTIONS /api/event/E-64 0.748
::1 Fri, 05 Jul 2024 11:35:59 GMT - DELETE /api/event/E-64 63.921
